\BOOKMARK [1][-]{section.1}{Introduction}{}% 1
\BOOKMARK [1][-]{section.2}{Background}{}% 2
\BOOKMARK [2][-]{subsection.2.1}{Kalman Filters}{section.2}% 3
\BOOKMARK [2][-]{subsection.2.2}{Particle Filters}{section.2}% 4
\BOOKMARK [2][-]{subsection.2.3}{Comparison / Contrast}{section.2}% 5
\BOOKMARK [3][-]{subsubsection.2.3.1}{EKF}{subsection.2.3}% 6
\BOOKMARK [3][-]{subsubsection.2.3.2}{MCL}{subsection.2.3}% 7
\BOOKMARK [1][-]{section.3}{Simulations}{}% 8
\BOOKMARK [2][-]{subsection.3.1}{Achievements}{section.3}% 9
\BOOKMARK [2][-]{subsection.3.2}{Benchmark Model}{section.3}% 10
\BOOKMARK [3][-]{subsubsection.3.2.1}{Model design}{subsection.3.2}% 11
\BOOKMARK [3][-]{subsubsection.3.2.2}{Packages Used}{subsection.3.2}% 12
\BOOKMARK [3][-]{subsubsection.3.2.3}{Parameters}{subsection.3.2}% 13
\BOOKMARK [2][-]{subsection.3.3}{Custom Model}{section.3}% 14
\BOOKMARK [3][-]{subsubsection.3.3.1}{Model design}{subsection.3.3}% 15
\BOOKMARK [3][-]{subsubsection.3.3.2}{Packages Used}{subsection.3.3}% 16
\BOOKMARK [3][-]{subsubsection.3.3.3}{Parameters}{subsection.3.3}% 17
\BOOKMARK [1][-]{section.4}{Results}{}% 18
\BOOKMARK [2][-]{subsection.4.1}{Localization Results}{section.4}% 19
\BOOKMARK [3][-]{subsubsection.4.1.1}{Benchmark}{subsection.4.1}% 20
\BOOKMARK [3][-]{subsubsection.4.1.2}{Custom}{subsection.4.1}% 21
\BOOKMARK [2][-]{subsection.4.2}{Technical Comparison}{section.4}% 22
\BOOKMARK [3][-]{subsubsection.4.2.1}{Layout}{subsection.4.2}% 23
\BOOKMARK [3][-]{subsubsection.4.2.2}{Parameters}{subsection.4.2}% 24
\BOOKMARK [3][-]{subsubsection.4.2.3}{Performance}{subsection.4.2}% 25
\BOOKMARK [1][-]{section.5}{Discussion}{}% 26
\BOOKMARK [1][-]{section.6}{Conclusion / Future work}{}% 27
\BOOKMARK [2][-]{subsection.6.1}{Modifications for Improvement}{section.6}% 28
\BOOKMARK [2][-]{subsection.6.2}{Hardware Deployment}{section.6}% 29
\BOOKMARK [1][-]{section*.1}{References}{}% 30
